                                 Started job on |	Mar 15 14:37:04
                             Started mapping on |	Mar 15 14:37:24
                                    Finished on |	Mar 15 14:37:51
       Mapping speed, Million of reads per hour |	133.33

                          Number of input reads |	999969
                      Average input read length |	99
                                    UNIQUE READS:
                   Uniquely mapped reads number |	795810
                        Uniquely mapped reads % |	79.58%
                          Average mapped length |	99.59
                       Number of splices: Total |	465777
            Number of splices: Annotated (sjdb) |	463843
                       Number of splices: GT/AG |	461816
                       Number of splices: GC/AG |	3302
                       Number of splices: AT/AC |	494
               Number of splices: Non-canonical |	165
                      Mismatch rate per base, % |	0.17%
                         Deletion rate per base |	0.00%
                        Deletion average length |	1.50
                        Insertion rate per base |	0.00%
                       Insertion average length |	1.22
                             MULTI-MAPPING READS:
        Number of reads mapped to multiple loci |	194725
             % of reads mapped to multiple loci |	19.47%
        Number of reads mapped to too many loci |	361
             % of reads mapped to too many loci |	0.04%
                                  UNMAPPED READS:
       % of reads unmapped: too many mismatches |	0.06%
                 % of reads unmapped: too short |	0.80%
                     % of reads unmapped: other |	0.05%
                                  CHIMERIC READS:
                       Number of chimeric reads |	0
                            % of chimeric reads |	0.00%
