skewer v0.2.2 [April 4, 2016]
COMMAND LINE:	/bin/skewer-0.2.2-linux-x86_64 -t 8 -x AGATCGGAAGAGCACACGTCTGAACTCCAGTCA -y AGATCGGAAGAGCGTCGTGTAGGGAAAGAGTGT re1m.R1.fastq -l 40
Input file:	re1m.R1.fastq
trimmed:	re1m.R1-trimmed.fastq

Parameters used:
-- 3' end adapter sequence (-x):	AGATCGGAAGAGCACACGTCTGAACTCCAGTCA
-- maximum error ratio allowed (-r):	0.100
-- maximum indel error ratio allowed (-d):	0.030
-- minimum read length allowed after trimming (-l):	40
-- file format (-f):		Sanger/Illumina 1.8+ FASTQ (auto detected)
-- minimum overlap length for adapter detection (-k):	3
-- number of concurrent threads (-t):	8
Tue Mar 15 14:36:30 2022 >> started

Tue Mar 15 14:36:31 2022 >> done (1.568s)
1000000 reads processed; of these:
     31 ( 0.00%) short reads filtered out after trimming by size control
      0 ( 0.00%) empty reads filtered out after trimming by size control
 999969 (100.00%) reads available; of these:
  37681 ( 3.77%) trimmed reads available after processing
 962288 (96.23%) untrimmed reads available after processing

Length distribution of reads after trimming:
length	count	percentage
 42	     1	  0.00%
 43	     0	  0.00%
 44	     0	  0.00%
 45	     3	  0.00%
 46	     1	  0.00%
 47	     4	  0.00%
 48	     5	  0.00%
 49	     6	  0.00%
 50	     3	  0.00%
 51	     4	  0.00%
 52	     2	  0.00%
 53	     3	  0.00%
 54	    12	  0.00%
 55	     8	  0.00%
 56	     7	  0.00%
 57	     6	  0.00%
 58	     9	  0.00%
 59	     7	  0.00%
 60	    12	  0.00%
 61	    13	  0.00%
 62	     7	  0.00%
 63	    10	  0.00%
 64	    17	  0.00%
 65	    21	  0.00%
 66	    22	  0.00%
 67	    23	  0.00%
 68	    30	  0.00%
 69	    41	  0.00%
 70	    44	  0.00%
 71	    41	  0.00%
 72	    54	  0.01%
 73	    50	  0.01%
 74	    65	  0.01%
 75	    67	  0.01%
 76	    84	  0.01%
 77	    80	  0.01%
 78	    82	  0.01%
 79	    82	  0.01%
 80	   111	  0.01%
 81	   129	  0.01%
 82	   145	  0.01%
 83	   182	  0.02%
 84	   206	  0.02%
 85	   213	  0.02%
 86	   267	  0.03%
 87	   253	  0.03%
 88	   358	  0.04%
 89	   470	  0.05%
 90	   430	  0.04%
 91	   573	  0.06%
 92	   466	  0.05%
 93	   830	  0.08%
 94	  1599	  0.16%
 95	  2245	  0.22%
 96	  6062	  0.61%
 97	 22216	  2.22%
 98	     0	  0.00%
 99	     0	  0.00%
100	962288	 96.23%
