skewer v0.2.2 [April 4, 2016]
COMMAND LINE:	/bin/skewer-0.2.2-linux-x86_64 -t 8 -x AGATCGGAAGAGCACACGTCTGAACTCCAGTCA -y AGATCGGAAGAGCGTCGTGTAGGGAAAGAGTGT sf1m.R1.fastq -l 40
Input file:	sf1m.R1.fastq
trimmed:	sf1m.R1-trimmed.fastq

Parameters used:
-- 3' end adapter sequence (-x):	AGATCGGAAGAGCACACGTCTGAACTCCAGTCA
-- maximum error ratio allowed (-r):	0.100
-- maximum indel error ratio allowed (-d):	0.030
-- minimum read length allowed after trimming (-l):	40
-- file format (-f):		Sanger/Illumina 1.8+ FASTQ (auto detected)
-- minimum overlap length for adapter detection (-k):	3
-- number of concurrent threads (-t):	8
Tue Mar 15 15:31:16 2022 >> started

Tue Mar 15 15:31:17 2022 >> done (1.533s)
1000000 reads processed; of these:
      4 ( 0.00%) short reads filtered out after trimming by size control
      3 ( 0.00%) empty reads filtered out after trimming by size control
 999993 (100.00%) reads available; of these:
  37902 ( 3.79%) trimmed reads available after processing
 962091 (96.21%) untrimmed reads available after processing

Length distribution of reads after trimming:
length	count	percentage
 41	     1	  0.00%
 42	     0	  0.00%
 43	     0	  0.00%
 44	     1	  0.00%
 45	     0	  0.00%
 46	     3	  0.00%
 47	     1	  0.00%
 48	     3	  0.00%
 49	     3	  0.00%
 50	     3	  0.00%
 51	     7	  0.00%
 52	     3	  0.00%
 53	     6	  0.00%
 54	     5	  0.00%
 55	     7	  0.00%
 56	     3	  0.00%
 57	     6	  0.00%
 58	     7	  0.00%
 59	     8	  0.00%
 60	     7	  0.00%
 61	     9	  0.00%
 62	    25	  0.00%
 63	    15	  0.00%
 64	    22	  0.00%
 65	    30	  0.00%
 66	    21	  0.00%
 67	    27	  0.00%
 68	    40	  0.00%
 69	    32	  0.00%
 70	    39	  0.00%
 71	    66	  0.01%
 72	    81	  0.01%
 73	    82	  0.01%
 74	    71	  0.01%
 75	    99	  0.01%
 76	    83	  0.01%
 77	   111	  0.01%
 78	   102	  0.01%
 79	   114	  0.01%
 80	   157	  0.02%
 81	   162	  0.02%
 82	   189	  0.02%
 83	   211	  0.02%
 84	   231	  0.02%
 85	   293	  0.03%
 86	   326	  0.03%
 87	   329	  0.03%
 88	   418	  0.04%
 89	   467	  0.05%
 90	   441	  0.04%
 91	   607	  0.06%
 92	   579	  0.06%
 93	   934	  0.09%
 94	  1699	  0.17%
 95	  2462	  0.25%
 96	  5683	  0.57%
 97	 21571	  2.16%
 98	     0	  0.00%
 99	     0	  0.00%
100	962091	 96.21%
