                                 Started job on |	Mar 15 14:23:14
                             Started mapping on |	Mar 15 14:23:33
                                    Finished on |	Mar 15 14:24:01
       Mapping speed, Million of reads per hour |	128.57

                          Number of input reads |	999993
                      Average input read length |	99
                                    UNIQUE READS:
                   Uniquely mapped reads number |	821654
                        Uniquely mapped reads % |	82.17%
                          Average mapped length |	99.55
                       Number of splices: Total |	492082
            Number of splices: Annotated (sjdb) |	489480
                       Number of splices: GT/AG |	487969
                       Number of splices: GC/AG |	3494
                       Number of splices: AT/AC |	478
               Number of splices: Non-canonical |	141
                      Mismatch rate per base, % |	0.16%
                         Deletion rate per base |	0.00%
                        Deletion average length |	1.67
                        Insertion rate per base |	0.00%
                       Insertion average length |	1.35
                             MULTI-MAPPING READS:
        Number of reads mapped to multiple loci |	170320
             % of reads mapped to multiple loci |	17.03%
        Number of reads mapped to too many loci |	558
             % of reads mapped to too many loci |	0.06%
                                  UNMAPPED READS:
       % of reads unmapped: too many mismatches |	0.05%
                 % of reads unmapped: too short |	0.64%
                     % of reads unmapped: other |	0.06%
                                  CHIMERIC READS:
                       Number of chimeric reads |	0
                            % of chimeric reads |	0.00%
