skewer v0.2.2 [April 4, 2016]
COMMAND LINE:	/bin/skewer-0.2.2-linux-x86_64 -t 8 -x AGATCGGAAGAGCACACGTCTGAACTCCAGTCA -y AGATCGGAAGAGCGTCGTGTAGGGAAAGAGTGT rc1m.R1.fastq -l 40
Input file:	rc1m.R1.fastq
trimmed:	rc1m.R1-trimmed.fastq

Parameters used:
-- 3' end adapter sequence (-x):	AGATCGGAAGAGCACACGTCTGAACTCCAGTCA
-- maximum error ratio allowed (-r):	0.100
-- maximum indel error ratio allowed (-d):	0.030
-- minimum read length allowed after trimming (-l):	40
-- file format (-f):		Sanger/Illumina 1.8+ FASTQ (auto detected)
-- minimum overlap length for adapter detection (-k):	3
-- number of concurrent threads (-t):	8
Tue Mar 15 14:22:40 2022 >> started

Tue Mar 15 14:22:42 2022 >> done (1.677s)
1000000 reads processed; of these:
      5 ( 0.00%) short reads filtered out after trimming by size control
      2 ( 0.00%) empty reads filtered out after trimming by size control
 999993 (100.00%) reads available; of these:
  33287 ( 3.33%) trimmed reads available after processing
 966706 (96.67%) untrimmed reads available after processing

Length distribution of reads after trimming:
length	count	percentage
 40	     1	  0.00%
 41	     0	  0.00%
 42	     1	  0.00%
 43	     0	  0.00%
 44	     0	  0.00%
 45	     1	  0.00%
 46	     1	  0.00%
 47	     0	  0.00%
 48	     0	  0.00%
 49	     1	  0.00%
 50	     1	  0.00%
 51	     1	  0.00%
 52	     0	  0.00%
 53	     1	  0.00%
 54	     2	  0.00%
 55	     1	  0.00%
 56	     2	  0.00%
 57	     0	  0.00%
 58	     3	  0.00%
 59	     6	  0.00%
 60	     4	  0.00%
 61	     1	  0.00%
 62	     1	  0.00%
 63	     4	  0.00%
 64	     6	  0.00%
 65	     7	  0.00%
 66	     6	  0.00%
 67	     9	  0.00%
 68	     6	  0.00%
 69	     8	  0.00%
 70	    14	  0.00%
 71	    17	  0.00%
 72	    13	  0.00%
 73	    17	  0.00%
 74	    22	  0.00%
 75	    28	  0.00%
 76	    34	  0.00%
 77	    31	  0.00%
 78	    43	  0.00%
 79	    38	  0.00%
 80	    48	  0.00%
 81	    50	  0.01%
 82	    68	  0.01%
 83	    84	  0.01%
 84	    95	  0.01%
 85	   106	  0.01%
 86	   147	  0.01%
 87	   162	  0.02%
 88	   196	  0.02%
 89	   286	  0.03%
 90	   258	  0.03%
 91	   452	  0.05%
 92	   321	  0.03%
 93	   586	  0.06%
 94	  1262	  0.13%
 95	  2088	  0.21%
 96	  5478	  0.55%
 97	 21269	  2.13%
 98	     0	  0.00%
 99	     0	  0.00%
100	966706	 96.67%
