                                 Started job on |	Mar 15 15:17:41
                             Started mapping on |	Mar 15 15:18:00
                                    Finished on |	Mar 15 15:18:28
       Mapping speed, Million of reads per hour |	128.57

                          Number of input reads |	999991
                      Average input read length |	99
                                    UNIQUE READS:
                   Uniquely mapped reads number |	784222
                        Uniquely mapped reads % |	78.42%
                          Average mapped length |	99.59
                       Number of splices: Total |	440374
            Number of splices: Annotated (sjdb) |	438049
                       Number of splices: GT/AG |	436577
                       Number of splices: GC/AG |	3249
                       Number of splices: AT/AC |	359
               Number of splices: Non-canonical |	189
                      Mismatch rate per base, % |	0.17%
                         Deletion rate per base |	0.00%
                        Deletion average length |	1.52
                        Insertion rate per base |	0.00%
                       Insertion average length |	1.26
                             MULTI-MAPPING READS:
        Number of reads mapped to multiple loci |	201141
             % of reads mapped to multiple loci |	20.11%
        Number of reads mapped to too many loci |	973
             % of reads mapped to too many loci |	0.10%
                                  UNMAPPED READS:
       % of reads unmapped: too many mismatches |	0.09%
                 % of reads unmapped: too short |	1.04%
                     % of reads unmapped: other |	0.24%
                                  CHIMERIC READS:
                       Number of chimeric reads |	0
                            % of chimeric reads |	0.00%
