skewer v0.2.2 [April 4, 2016]
COMMAND LINE:	/bin/skewer-0.2.2-linux-x86_64 -t 8 -x AGATCGGAAGAGCACACGTCTGAACTCCAGTCA -y AGATCGGAAGAGCGTCGTGTAGGGAAAGAGTGT sd1m.R1.fastq -l 40
Input file:	sd1m.R1.fastq
trimmed:	sd1m.R1-trimmed.fastq

Parameters used:
-- 3' end adapter sequence (-x):	AGATCGGAAGAGCACACGTCTGAACTCCAGTCA
-- maximum error ratio allowed (-r):	0.100
-- maximum indel error ratio allowed (-d):	0.030
-- minimum read length allowed after trimming (-l):	40
-- file format (-f):		Sanger/Illumina 1.8+ FASTQ (auto detected)
-- minimum overlap length for adapter detection (-k):	3
-- number of concurrent threads (-t):	8
Tue Mar 15 15:17:07 2022 >> started

Tue Mar 15 15:17:09 2022 >> done (1.523s)
1000000 reads processed; of these:
      8 ( 0.00%) short reads filtered out after trimming by size control
      1 ( 0.00%) empty reads filtered out after trimming by size control
 999991 (100.00%) reads available; of these:
  39187 ( 3.92%) trimmed reads available after processing
 960804 (96.08%) untrimmed reads available after processing

Length distribution of reads after trimming:
length	count	percentage
 40	     1	  0.00%
 41	     1	  0.00%
 42	     0	  0.00%
 43	     0	  0.00%
 44	     3	  0.00%
 45	     2	  0.00%
 46	     0	  0.00%
 47	     0	  0.00%
 48	     3	  0.00%
 49	     1	  0.00%
 50	     6	  0.00%
 51	     5	  0.00%
 52	     1	  0.00%
 53	     1	  0.00%
 54	     2	  0.00%
 55	     3	  0.00%
 56	     5	  0.00%
 57	     4	  0.00%
 58	     8	  0.00%
 59	     3	  0.00%
 60	     8	  0.00%
 61	     5	  0.00%
 62	    11	  0.00%
 63	    22	  0.00%
 64	    26	  0.00%
 65	    26	  0.00%
 66	    16	  0.00%
 67	    34	  0.00%
 68	    32	  0.00%
 69	    33	  0.00%
 70	    36	  0.00%
 71	    46	  0.00%
 72	    61	  0.01%
 73	    71	  0.01%
 74	    66	  0.01%
 75	    57	  0.01%
 76	    77	  0.01%
 77	    65	  0.01%
 78	    86	  0.01%
 79	   142	  0.01%
 80	   101	  0.01%
 81	   130	  0.01%
 82	   171	  0.02%
 83	   178	  0.02%
 84	   227	  0.02%
 85	   200	  0.02%
 86	   236	  0.02%
 87	   315	  0.03%
 88	   329	  0.03%
 89	   398	  0.04%
 90	   387	  0.04%
 91	   586	  0.06%
 92	   466	  0.05%
 93	   856	  0.09%
 94	  1653	  0.17%
 95	  2212	  0.22%
 96	  6072	  0.61%
 97	 23701	  2.37%
 98	     0	  0.00%
 99	     0	  0.00%
100	960804	 96.08%
