                                 Started job on |	Mar 15 15:04:01
                             Started mapping on |	Mar 15 15:04:22
                                    Finished on |	Mar 15 15:04:49
       Mapping speed, Million of reads per hour |	133.33

                          Number of input reads |	999995
                      Average input read length |	99
                                    UNIQUE READS:
                   Uniquely mapped reads number |	739453
                        Uniquely mapped reads % |	73.95%
                          Average mapped length |	99.59
                       Number of splices: Total |	415037
            Number of splices: Annotated (sjdb) |	413151
                       Number of splices: GT/AG |	411277
                       Number of splices: GC/AG |	3249
                       Number of splices: AT/AC |	399
               Number of splices: Non-canonical |	112
                      Mismatch rate per base, % |	0.16%
                         Deletion rate per base |	0.00%
                        Deletion average length |	1.55
                        Insertion rate per base |	0.00%
                       Insertion average length |	1.32
                             MULTI-MAPPING READS:
        Number of reads mapped to multiple loci |	250934
             % of reads mapped to multiple loci |	25.09%
        Number of reads mapped to too many loci |	317
             % of reads mapped to too many loci |	0.03%
                                  UNMAPPED READS:
       % of reads unmapped: too many mismatches |	0.08%
                 % of reads unmapped: too short |	0.81%
                     % of reads unmapped: other |	0.04%
                                  CHIMERIC READS:
                       Number of chimeric reads |	0
                            % of chimeric reads |	0.00%
