                                 Started job on |	Mar 15 14:57:42
                             Started mapping on |	Mar 15 14:58:02
                                    Finished on |	Mar 15 14:58:29
       Mapping speed, Million of reads per hour |	133.33

                          Number of input reads |	999988
                      Average input read length |	100
                                    UNIQUE READS:
                   Uniquely mapped reads number |	802654
                        Uniquely mapped reads % |	80.27%
                          Average mapped length |	100.57
                       Number of splices: Total |	469232
            Number of splices: Annotated (sjdb) |	467499
                       Number of splices: GT/AG |	464975
                       Number of splices: GC/AG |	3585
                       Number of splices: AT/AC |	523
               Number of splices: Non-canonical |	149
                      Mismatch rate per base, % |	0.19%
                         Deletion rate per base |	0.01%
                        Deletion average length |	1.47
                        Insertion rate per base |	0.00%
                       Insertion average length |	1.50
                             MULTI-MAPPING READS:
        Number of reads mapped to multiple loci |	179020
             % of reads mapped to multiple loci |	17.90%
        Number of reads mapped to too many loci |	312
             % of reads mapped to too many loci |	0.03%
                                  UNMAPPED READS:
       % of reads unmapped: too many mismatches |	0.14%
                 % of reads unmapped: too short |	1.62%
                     % of reads unmapped: other |	0.04%
                                  CHIMERIC READS:
                       Number of chimeric reads |	0
                            % of chimeric reads |	0.00%
