                                 Started job on |	Mar 15 14:43:53
                             Started mapping on |	Mar 15 14:44:13
                                    Finished on |	Mar 15 14:44:40
       Mapping speed, Million of reads per hour |	133.33

                          Number of input reads |	999997
                      Average input read length |	99
                                    UNIQUE READS:
                   Uniquely mapped reads number |	818170
                        Uniquely mapped reads % |	81.82%
                          Average mapped length |	99.62
                       Number of splices: Total |	473453
            Number of splices: Annotated (sjdb) |	471225
                       Number of splices: GT/AG |	469380
                       Number of splices: GC/AG |	3404
                       Number of splices: AT/AC |	492
               Number of splices: Non-canonical |	177
                      Mismatch rate per base, % |	0.16%
                         Deletion rate per base |	0.00%
                        Deletion average length |	1.52
                        Insertion rate per base |	0.00%
                       Insertion average length |	1.33
                             MULTI-MAPPING READS:
        Number of reads mapped to multiple loci |	172576
             % of reads mapped to multiple loci |	17.26%
        Number of reads mapped to too many loci |	377
             % of reads mapped to too many loci |	0.04%
                                  UNMAPPED READS:
       % of reads unmapped: too many mismatches |	0.07%
                 % of reads unmapped: too short |	0.77%
                     % of reads unmapped: other |	0.05%
                                  CHIMERIC READS:
                       Number of chimeric reads |	0
                            % of chimeric reads |	0.00%
