skewer v0.2.2 [April 4, 2016]
COMMAND LINE:	/bin/skewer-0.2.2-linux-x86_64 -t 8 -x AGATCGGAAGAGCACACGTCTGAACTCCAGTCA -y AGATCGGAAGAGCGTCGTGTAGGGAAAGAGTGT rf1m.R1.fastq -l 40
Input file:	rf1m.R1.fastq
trimmed:	rf1m.R1-trimmed.fastq

Parameters used:
-- 3' end adapter sequence (-x):	AGATCGGAAGAGCACACGTCTGAACTCCAGTCA
-- maximum error ratio allowed (-r):	0.100
-- maximum indel error ratio allowed (-d):	0.030
-- minimum read length allowed after trimming (-l):	40
-- file format (-f):		Sanger/Illumina 1.8+ FASTQ (auto detected)
-- minimum overlap length for adapter detection (-k):	3
-- number of concurrent threads (-t):	8
Tue Mar 15 14:43:19 2022 >> started

Tue Mar 15 14:43:21 2022 >> done (1.499s)
1000000 reads processed; of these:
      3 ( 0.00%) short reads filtered out after trimming by size control
      0 ( 0.00%) empty reads filtered out after trimming by size control
 999997 (100.00%) reads available; of these:
  36697 ( 3.67%) trimmed reads available after processing
 963300 (96.33%) untrimmed reads available after processing

Length distribution of reads after trimming:
length	count	percentage
 43	     2	  0.00%
 44	     1	  0.00%
 45	     1	  0.00%
 46	     4	  0.00%
 47	     2	  0.00%
 48	     0	  0.00%
 49	     1	  0.00%
 50	     0	  0.00%
 51	     1	  0.00%
 52	     2	  0.00%
 53	     1	  0.00%
 54	     4	  0.00%
 55	     2	  0.00%
 56	     5	  0.00%
 57	     5	  0.00%
 58	     4	  0.00%
 59	     4	  0.00%
 60	     4	  0.00%
 61	     8	  0.00%
 62	     9	  0.00%
 63	     5	  0.00%
 64	    11	  0.00%
 65	    17	  0.00%
 66	    10	  0.00%
 67	    20	  0.00%
 68	    12	  0.00%
 69	    17	  0.00%
 70	    29	  0.00%
 71	    31	  0.00%
 72	    38	  0.00%
 73	    42	  0.00%
 74	    42	  0.00%
 75	    54	  0.01%
 76	    52	  0.01%
 77	    64	  0.01%
 78	    63	  0.01%
 79	    76	  0.01%
 80	    91	  0.01%
 81	    95	  0.01%
 82	   124	  0.01%
 83	   155	  0.02%
 84	   163	  0.02%
 85	   179	  0.02%
 86	   212	  0.02%
 87	   230	  0.02%
 88	   261	  0.03%
 89	   373	  0.04%
 90	   333	  0.03%
 91	   510	  0.05%
 92	   403	  0.04%
 93	   708	  0.07%
 94	  1546	  0.15%
 95	  2024	  0.20%
 96	  6208	  0.62%
 97	 22439	  2.24%
 98	     0	  0.00%
 99	     0	  0.00%
100	963300	 96.33%
