                                 Started job on |	Mar 15 14:16:24
                             Started mapping on |	Mar 15 14:16:46
                                    Finished on |	Mar 15 14:17:13
       Mapping speed, Million of reads per hour |	133.33

                          Number of input reads |	999980
                      Average input read length |	99
                                    UNIQUE READS:
                   Uniquely mapped reads number |	776113
                        Uniquely mapped reads % |	77.61%
                          Average mapped length |	99.62
                       Number of splices: Total |	440598
            Number of splices: Annotated (sjdb) |	438676
                       Number of splices: GT/AG |	436676
                       Number of splices: GC/AG |	3328
                       Number of splices: AT/AC |	440
               Number of splices: Non-canonical |	154
                      Mismatch rate per base, % |	0.17%
                         Deletion rate per base |	0.00%
                        Deletion average length |	1.49
                        Insertion rate per base |	0.00%
                       Insertion average length |	1.33
                             MULTI-MAPPING READS:
        Number of reads mapped to multiple loci |	214680
             % of reads mapped to multiple loci |	21.47%
        Number of reads mapped to too many loci |	389
             % of reads mapped to too many loci |	0.04%
                                  UNMAPPED READS:
       % of reads unmapped: too many mismatches |	0.07%
                 % of reads unmapped: too short |	0.73%
                     % of reads unmapped: other |	0.08%
                                  CHIMERIC READS:
                       Number of chimeric reads |	0
                            % of chimeric reads |	0.00%
