skewer v0.2.2 [April 4, 2016]
COMMAND LINE:	/bin/skewer-0.2.2-linux-x86_64 -t 8 -x AGATCGGAAGAGCACACGTCTGAACTCCAGTCA -y AGATCGGAAGAGCGTCGTGTAGGGAAAGAGTGT rb1m.R1.fastq -l 40
Input file:	rb1m.R1.fastq
trimmed:	rb1m.R1-trimmed.fastq

Parameters used:
-- 3' end adapter sequence (-x):	AGATCGGAAGAGCACACGTCTGAACTCCAGTCA
-- maximum error ratio allowed (-r):	0.100
-- maximum indel error ratio allowed (-d):	0.030
-- minimum read length allowed after trimming (-l):	40
-- file format (-f):		Sanger/Illumina 1.8+ FASTQ (auto detected)
-- minimum overlap length for adapter detection (-k):	3
-- number of concurrent threads (-t):	8
Tue Mar 15 14:15:50 2022 >> started

Tue Mar 15 14:15:52 2022 >> done (1.573s)
1000000 reads processed; of these:
     20 ( 0.00%) short reads filtered out after trimming by size control
      0 ( 0.00%) empty reads filtered out after trimming by size control
 999980 (100.00%) reads available; of these:
  37642 ( 3.76%) trimmed reads available after processing
 962338 (96.24%) untrimmed reads available after processing

Length distribution of reads after trimming:
length	count	percentage
 41	     5	  0.00%
 42	     1	  0.00%
 43	     2	  0.00%
 44	     1	  0.00%
 45	     2	  0.00%
 46	     1	  0.00%
 47	     2	  0.00%
 48	     4	  0.00%
 49	     1	  0.00%
 50	     4	  0.00%
 51	     0	  0.00%
 52	     5	  0.00%
 53	     8	  0.00%
 54	     6	  0.00%
 55	     5	  0.00%
 56	     4	  0.00%
 57	     8	  0.00%
 58	    10	  0.00%
 59	     7	  0.00%
 60	    11	  0.00%
 61	    10	  0.00%
 62	     8	  0.00%
 63	    11	  0.00%
 64	    11	  0.00%
 65	    12	  0.00%
 66	    24	  0.00%
 67	    21	  0.00%
 68	    30	  0.00%
 69	    31	  0.00%
 70	    28	  0.00%
 71	    29	  0.00%
 72	    42	  0.00%
 73	    51	  0.01%
 74	    54	  0.01%
 75	    68	  0.01%
 76	    72	  0.01%
 77	    73	  0.01%
 78	    58	  0.01%
 79	    75	  0.01%
 80	    77	  0.01%
 81	    99	  0.01%
 82	    98	  0.01%
 83	   110	  0.01%
 84	   150	  0.02%
 85	   163	  0.02%
 86	   205	  0.02%
 87	   191	  0.02%
 88	   251	  0.03%
 89	   334	  0.03%
 90	   347	  0.03%
 91	   523	  0.05%
 92	   407	  0.04%
 93	   782	  0.08%
 94	  1624	  0.16%
 95	  2158	  0.22%
 96	  6124	  0.61%
 97	 23204	  2.32%
 98	     0	  0.00%
 99	     0	  0.00%
100	962338	 96.24%
