                                 Started job on |	Mar 15 15:38:50
                             Started mapping on |	Mar 15 15:39:09
                                    Finished on |	Mar 15 15:39:36
       Mapping speed, Million of reads per hour |	133.33

                          Number of input reads |	999986
                      Average input read length |	99
                                    UNIQUE READS:
                   Uniquely mapped reads number |	820653
                        Uniquely mapped reads % |	82.07%
                          Average mapped length |	99.63
                       Number of splices: Total |	484201
            Number of splices: Annotated (sjdb) |	482207
                       Number of splices: GT/AG |	479811
                       Number of splices: GC/AG |	3620
                       Number of splices: AT/AC |	593
               Number of splices: Non-canonical |	177
                      Mismatch rate per base, % |	0.16%
                         Deletion rate per base |	0.00%
                        Deletion average length |	1.48
                        Insertion rate per base |	0.00%
                       Insertion average length |	1.36
                             MULTI-MAPPING READS:
        Number of reads mapped to multiple loci |	171069
             % of reads mapped to multiple loci |	17.11%
        Number of reads mapped to too many loci |	481
             % of reads mapped to too many loci |	0.05%
                                  UNMAPPED READS:
       % of reads unmapped: too many mismatches |	0.05%
                 % of reads unmapped: too short |	0.66%
                     % of reads unmapped: other |	0.07%
                                  CHIMERIC READS:
                       Number of chimeric reads |	0
                            % of chimeric reads |	0.00%
