skewer v0.2.2 [April 4, 2016]
COMMAND LINE:	/bin/skewer-0.2.2-linux-x86_64 -t 8 -x AGATCGGAAGAGCACACGTCTGAACTCCAGTCA -y AGATCGGAAGAGCGTCGTGTAGGGAAAGAGTGT sg1m.R1.fastq -l 40
Input file:	sg1m.R1.fastq
trimmed:	sg1m.R1-trimmed.fastq

Parameters used:
-- 3' end adapter sequence (-x):	AGATCGGAAGAGCACACGTCTGAACTCCAGTCA
-- maximum error ratio allowed (-r):	0.100
-- maximum indel error ratio allowed (-d):	0.030
-- minimum read length allowed after trimming (-l):	40
-- file format (-f):		Sanger/Illumina 1.8+ FASTQ (auto detected)
-- minimum overlap length for adapter detection (-k):	3
-- number of concurrent threads (-t):	8
Tue Mar 15 15:38:16 2022 >> started

Tue Mar 15 15:38:17 2022 >> done (1.484s)
1000000 reads processed; of these:
     13 ( 0.00%) short reads filtered out after trimming by size control
      1 ( 0.00%) empty reads filtered out after trimming by size control
 999986 (100.00%) reads available; of these:
  36355 ( 3.64%) trimmed reads available after processing
 963631 (96.36%) untrimmed reads available after processing

Length distribution of reads after trimming:
length	count	percentage
 41	     1	  0.00%
 42	     1	  0.00%
 43	     0	  0.00%
 44	     0	  0.00%
 45	     0	  0.00%
 46	     2	  0.00%
 47	     0	  0.00%
 48	     1	  0.00%
 49	     0	  0.00%
 50	     2	  0.00%
 51	     1	  0.00%
 52	     1	  0.00%
 53	     3	  0.00%
 54	     1	  0.00%
 55	     8	  0.00%
 56	     3	  0.00%
 57	     2	  0.00%
 58	     4	  0.00%
 59	     7	  0.00%
 60	     7	  0.00%
 61	     6	  0.00%
 62	    11	  0.00%
 63	    10	  0.00%
 64	    20	  0.00%
 65	    15	  0.00%
 66	    14	  0.00%
 67	    12	  0.00%
 68	    25	  0.00%
 69	    29	  0.00%
 70	    40	  0.00%
 71	    40	  0.00%
 72	    37	  0.00%
 73	    44	  0.00%
 74	    48	  0.00%
 75	    54	  0.01%
 76	    50	  0.01%
 77	    66	  0.01%
 78	    75	  0.01%
 79	    55	  0.01%
 80	    84	  0.01%
 81	    82	  0.01%
 82	    92	  0.01%
 83	   122	  0.01%
 84	   120	  0.01%
 85	   171	  0.02%
 86	   188	  0.02%
 87	   198	  0.02%
 88	   254	  0.03%
 89	   338	  0.03%
 90	   322	  0.03%
 91	   431	  0.04%
 92	   377	  0.04%
 93	   685	  0.07%
 94	  1530	  0.15%
 95	  2075	  0.21%
 96	  6021	  0.60%
 97	 22570	  2.26%
 98	     0	  0.00%
 99	     0	  0.00%
100	963631	 96.36%
