                                 Started job on |	Mar 15 14:50:33
                             Started mapping on |	Mar 15 14:50:53
                                    Finished on |	Mar 15 14:51:20
       Mapping speed, Million of reads per hour |	133.33

                          Number of input reads |	999988
                      Average input read length |	100
                                    UNIQUE READS:
                   Uniquely mapped reads number |	810221
                        Uniquely mapped reads % |	81.02%
                          Average mapped length |	100.50
                       Number of splices: Total |	480903
            Number of splices: Annotated (sjdb) |	478414
                       Number of splices: GT/AG |	476889
                       Number of splices: GC/AG |	3369
                       Number of splices: AT/AC |	520
               Number of splices: Non-canonical |	125
                      Mismatch rate per base, % |	0.19%
                         Deletion rate per base |	0.00%
                        Deletion average length |	1.56
                        Insertion rate per base |	0.00%
                       Insertion average length |	1.33
                             MULTI-MAPPING READS:
        Number of reads mapped to multiple loci |	171025
             % of reads mapped to multiple loci |	17.10%
        Number of reads mapped to too many loci |	480
             % of reads mapped to too many loci |	0.05%
                                  UNMAPPED READS:
       % of reads unmapped: too many mismatches |	0.13%
                 % of reads unmapped: too short |	1.64%
                     % of reads unmapped: other |	0.05%
                                  CHIMERIC READS:
                       Number of chimeric reads |	0
                            % of chimeric reads |	0.00%
