skewer v0.2.2 [April 4, 2016]
COMMAND LINE:	/bin/skewer-0.2.2-linux-x86_64 -t 8 -x AGATCGGAAGAGCACACGTCTGAACTCCAGTCA -y AGATCGGAAGAGCGTCGTGTAGGGAAAGAGTGT rg1m.R1.fastq -l 40
Input file:	rg1m.R1.fastq
trimmed:	rg1m.R1-trimmed.fastq

Parameters used:
-- 3' end adapter sequence (-x):	AGATCGGAAGAGCACACGTCTGAACTCCAGTCA
-- maximum error ratio allowed (-r):	0.100
-- maximum indel error ratio allowed (-d):	0.030
-- minimum read length allowed after trimming (-l):	40
-- file format (-f):		Sanger/Illumina 1.8+ FASTQ (auto detected)
-- minimum overlap length for adapter detection (-k):	3
-- number of concurrent threads (-t):	8
Tue Mar 15 14:49:59 2022 >> started

Tue Mar 15 14:50:00 2022 >> done (1.532s)
1000000 reads processed; of these:
     11 ( 0.00%) short reads filtered out after trimming by size control
      1 ( 0.00%) empty reads filtered out after trimming by size control
 999988 (100.00%) reads available; of these:
  45861 ( 4.59%) trimmed reads available after processing
 954127 (95.41%) untrimmed reads available after processing

Length distribution of reads after trimming:
length	count	percentage
 40	     1	  0.00%
 41	     0	  0.00%
 42	     0	  0.00%
 43	     3	  0.00%
 44	     3	  0.00%
 45	     1	  0.00%
 46	     4	  0.00%
 47	     1	  0.00%
 48	     2	  0.00%
 49	     3	  0.00%
 50	     3	  0.00%
 51	     2	  0.00%
 52	     1	  0.00%
 53	     5	  0.00%
 54	     5	  0.00%
 55	     9	  0.00%
 56	     2	  0.00%
 57	     4	  0.00%
 58	     6	  0.00%
 59	     6	  0.00%
 60	    17	  0.00%
 61	    21	  0.00%
 62	    11	  0.00%
 63	    15	  0.00%
 64	    20	  0.00%
 65	    17	  0.00%
 66	    22	  0.00%
 67	    38	  0.00%
 68	    35	  0.00%
 69	    40	  0.00%
 70	    38	  0.00%
 71	    43	  0.00%
 72	    61	  0.01%
 73	    65	  0.01%
 74	    77	  0.01%
 75	    71	  0.01%
 76	    96	  0.01%
 77	    95	  0.01%
 78	   121	  0.01%
 79	   111	  0.01%
 80	   145	  0.01%
 81	   164	  0.02%
 82	   162	  0.02%
 83	   197	  0.02%
 84	   228	  0.02%
 85	   247	  0.02%
 86	   286	  0.03%
 87	   375	  0.04%
 88	   369	  0.04%
 89	   443	  0.04%
 90	   690	  0.07%
 91	   569	  0.06%
 92	   853	  0.09%
 93	   648	  0.06%
 94	  1198	  0.12%
 95	  2577	  0.26%
 96	  2522	  0.25%
 97	  7240	  0.72%
 98	 25873	  2.59%
 99	     0	  0.00%
100	     0	  0.00%
101	954127	 95.41%
