                                 Started job on |	Mar 15 14:30:03
                             Started mapping on |	Mar 15 14:30:23
                                    Finished on |	Mar 15 14:30:51
       Mapping speed, Million of reads per hour |	128.57

                          Number of input reads |	999996
                      Average input read length |	99
                                    UNIQUE READS:
                   Uniquely mapped reads number |	814891
                        Uniquely mapped reads % |	81.49%
                          Average mapped length |	99.62
                       Number of splices: Total |	479066
            Number of splices: Annotated (sjdb) |	476814
                       Number of splices: GT/AG |	474805
                       Number of splices: GC/AG |	3486
                       Number of splices: AT/AC |	581
               Number of splices: Non-canonical |	194
                      Mismatch rate per base, % |	0.16%
                         Deletion rate per base |	0.00%
                        Deletion average length |	1.55
                        Insertion rate per base |	0.00%
                       Insertion average length |	1.22
                             MULTI-MAPPING READS:
        Number of reads mapped to multiple loci |	171439
             % of reads mapped to multiple loci |	17.14%
        Number of reads mapped to too many loci |	726
             % of reads mapped to too many loci |	0.07%
                                  UNMAPPED READS:
       % of reads unmapped: too many mismatches |	0.06%
                 % of reads unmapped: too short |	1.12%
                     % of reads unmapped: other |	0.12%
                                  CHIMERIC READS:
                       Number of chimeric reads |	0
                            % of chimeric reads |	0.00%
