skewer v0.2.2 [April 4, 2016]
COMMAND LINE:	/bin/skewer-0.2.2-linux-x86_64 -t 8 -x AGATCGGAAGAGCACACGTCTGAACTCCAGTCA -y AGATCGGAAGAGCGTCGTGTAGGGAAAGAGTGT rd1m.R1.fastq -l 40
Input file:	rd1m.R1.fastq
trimmed:	rd1m.R1-trimmed.fastq

Parameters used:
-- 3' end adapter sequence (-x):	AGATCGGAAGAGCACACGTCTGAACTCCAGTCA
-- maximum error ratio allowed (-r):	0.100
-- maximum indel error ratio allowed (-d):	0.030
-- minimum read length allowed after trimming (-l):	40
-- file format (-f):		Sanger/Illumina 1.8+ FASTQ (auto detected)
-- minimum overlap length for adapter detection (-k):	3
-- number of concurrent threads (-t):	8
Tue Mar 15 14:29:30 2022 >> started

Tue Mar 15 14:29:31 2022 >> done (1.606s)
1000000 reads processed; of these:
      4 ( 0.00%) short reads filtered out after trimming by size control
      0 ( 0.00%) empty reads filtered out after trimming by size control
 999996 (100.00%) reads available; of these:
  36126 ( 3.61%) trimmed reads available after processing
 963870 (96.39%) untrimmed reads available after processing

Length distribution of reads after trimming:
length	count	percentage
 43	     1	  0.00%
 44	     0	  0.00%
 45	     0	  0.00%
 46	     2	  0.00%
 47	     0	  0.00%
 48	     0	  0.00%
 49	     1	  0.00%
 50	     1	  0.00%
 51	     3	  0.00%
 52	     2	  0.00%
 53	     1	  0.00%
 54	     0	  0.00%
 55	     0	  0.00%
 56	     2	  0.00%
 57	     3	  0.00%
 58	     6	  0.00%
 59	     3	  0.00%
 60	     5	  0.00%
 61	     5	  0.00%
 62	     3	  0.00%
 63	     4	  0.00%
 64	     9	  0.00%
 65	    12	  0.00%
 66	    14	  0.00%
 67	    12	  0.00%
 68	    12	  0.00%
 69	    16	  0.00%
 70	    13	  0.00%
 71	    18	  0.00%
 72	    21	  0.00%
 73	    26	  0.00%
 74	    21	  0.00%
 75	    22	  0.00%
 76	    34	  0.00%
 77	    50	  0.01%
 78	    47	  0.00%
 79	    69	  0.01%
 80	    58	  0.01%
 81	    85	  0.01%
 82	    84	  0.01%
 83	    96	  0.01%
 84	   119	  0.01%
 85	   124	  0.01%
 86	   178	  0.02%
 87	   154	  0.02%
 88	   239	  0.02%
 89	   341	  0.03%
 90	   269	  0.03%
 91	   424	  0.04%
 92	   349	  0.03%
 93	   664	  0.07%
 94	  1463	  0.15%
 95	  2001	  0.20%
 96	  5998	  0.60%
 97	 23042	  2.30%
 98	     0	  0.00%
 99	     0	  0.00%
100	963870	 96.39%
