                                 Started job on |	Mar 15 15:24:50
                             Started mapping on |	Mar 15 15:25:10
                                    Finished on |	Mar 15 15:25:37
       Mapping speed, Million of reads per hour |	133.33

                          Number of input reads |	999993
                      Average input read length |	99
                                    UNIQUE READS:
                   Uniquely mapped reads number |	828862
                        Uniquely mapped reads % |	82.89%
                          Average mapped length |	99.63
                       Number of splices: Total |	480784
            Number of splices: Annotated (sjdb) |	478946
                       Number of splices: GT/AG |	476385
                       Number of splices: GC/AG |	3603
                       Number of splices: AT/AC |	558
               Number of splices: Non-canonical |	238
                      Mismatch rate per base, % |	0.17%
                         Deletion rate per base |	0.00%
                        Deletion average length |	1.48
                        Insertion rate per base |	0.00%
                       Insertion average length |	1.17
                             MULTI-MAPPING READS:
        Number of reads mapped to multiple loci |	161614
             % of reads mapped to multiple loci |	16.16%
        Number of reads mapped to too many loci |	391
             % of reads mapped to too many loci |	0.04%
                                  UNMAPPED READS:
       % of reads unmapped: too many mismatches |	0.07%
                 % of reads unmapped: too short |	0.79%
                     % of reads unmapped: other |	0.06%
                                  CHIMERIC READS:
                       Number of chimeric reads |	0
                            % of chimeric reads |	0.00%
