skewer v0.2.2 [April 4, 2016]
COMMAND LINE:	/bin/skewer-0.2.2-linux-x86_64 -t 8 -x AGATCGGAAGAGCACACGTCTGAACTCCAGTCA -y AGATCGGAAGAGCGTCGTGTAGGGAAAGAGTGT sc1m.R1.fastq -l 40
Input file:	sc1m.R1.fastq
trimmed:	sc1m.R1-trimmed.fastq

Parameters used:
-- 3' end adapter sequence (-x):	AGATCGGAAGAGCACACGTCTGAACTCCAGTCA
-- maximum error ratio allowed (-r):	0.100
-- maximum indel error ratio allowed (-d):	0.030
-- minimum read length allowed after trimming (-l):	40
-- file format (-f):		Sanger/Illumina 1.8+ FASTQ (auto detected)
-- minimum overlap length for adapter detection (-k):	3
-- number of concurrent threads (-t):	8
Tue Mar 15 15:10:37 2022 >> started

Tue Mar 15 15:10:39 2022 >> done (1.513s)
1000000 reads processed; of these:
      8 ( 0.00%) short reads filtered out after trimming by size control
      0 ( 0.00%) empty reads filtered out after trimming by size control
 999992 (100.00%) reads available; of these:
  37472 ( 3.75%) trimmed reads available after processing
 962520 (96.25%) untrimmed reads available after processing

Length distribution of reads after trimming:
length	count	percentage
 40	     1	  0.00%
 41	     1	  0.00%
 42	     1	  0.00%
 43	     0	  0.00%
 44	     2	  0.00%
 45	     0	  0.00%
 46	     1	  0.00%
 47	     1	  0.00%
 48	     2	  0.00%
 49	     0	  0.00%
 50	     2	  0.00%
 51	     5	  0.00%
 52	     6	  0.00%
 53	     1	  0.00%
 54	     5	  0.00%
 55	     7	  0.00%
 56	     2	  0.00%
 57	     9	  0.00%
 58	     5	  0.00%
 59	     8	  0.00%
 60	     9	  0.00%
 61	     5	  0.00%
 62	    11	  0.00%
 63	     5	  0.00%
 64	    17	  0.00%
 65	    15	  0.00%
 66	    15	  0.00%
 67	    23	  0.00%
 68	    22	  0.00%
 69	    30	  0.00%
 70	    22	  0.00%
 71	    40	  0.00%
 72	    39	  0.00%
 73	    63	  0.01%
 74	    57	  0.01%
 75	    63	  0.01%
 76	    61	  0.01%
 77	    75	  0.01%
 78	    96	  0.01%
 79	    76	  0.01%
 80	   110	  0.01%
 81	   128	  0.01%
 82	   147	  0.01%
 83	   149	  0.01%
 84	   198	  0.02%
 85	   209	  0.02%
 86	   238	  0.02%
 87	   261	  0.03%
 88	   308	  0.03%
 89	   407	  0.04%
 90	   471	  0.05%
 91	   590	  0.06%
 92	   516	  0.05%
 93	   848	  0.08%
 94	  1591	  0.16%
 95	  2094	  0.21%
 96	  6036	  0.60%
 97	 22368	  2.24%
 98	     0	  0.00%
 99	     0	  0.00%
100	962520	 96.25%
